<?xml version="1.0" encoding="UTF-8"?>
<testsuite name="com.example.scrapedemo.XlsParserTest" tests="1" skipped="0" failures="0" errors="0" timestamp="2023-09-12T21:11:28" hostname="79GK7S3" time="0.226">
  <properties/>
  <testcase name="xlsParserShouldParseXlsAndReturnString()" classname="com.example.scrapedemo.XlsParserTest" time="0.226"/>
  <system-out><![CDATA[2023-09-12T14:11:28.040-07:00  INFO 22584 --- [    Test worker] t.c.s.AnnotationConfigContextLoaderUtils : Could not detect default configuration classes for test class [com.example.scrapedemo.XlsParserTest]: XlsParserTest does not declare any static, non-private, non-final, nested classes annotated with @Configuration.
2023-09-12T14:11:28.041-07:00  INFO 22584 --- [    Test worker] .b.t.c.SpringBootTestContextBootstrapper : Found @SpringBootConfiguration com.example.scrapedemo.ScrapeDemoApplication for test class com.example.scrapedemo.XlsParserTest
0.0	First Name	Last Name	Gender	Country	Age	Date	Id	
1.0	Dulce	Abril	Female	United States	32.0	15/10/2017	1562.0	
2.0	Mara	Hashimoto	Female	Great Britain	25.0	16/08/2016	1582.0	
3.0	Philip	Gent	Male	France	36.0	21/05/2015	2587.0	
4.0	Kathleen	Hanner	Female	United States	25.0	15/10/2017	3549.0	
5.0	Nereida	Magwood	Female	United States	58.0	16/08/2016	2468.0	
6.0	Gaston	Brumm	Male	United States	24.0	21/05/2015	2554.0	
7.0	Etta	Hurn	Female	Great Britain	56.0	15/10/2017	3598.0	
8.0	Earlean	Melgar	Female	United States	27.0	16/08/2016	2456.0	
9.0	Vincenza	Weiland	Female	United States	40.0	21/05/2015	6548.0	









































]]></system-out>
  <system-err><![CDATA[]]></system-err>
</testsuite>
