<?xml version="1.0" encoding="UTF-8"?>
<testsuite name="com.example.scrapedemo.ScrapeDemoApplicationTests" tests="1" skipped="0" failures="0" errors="0" timestamp="2023-09-11T20:09:33" hostname="79GK7S3" time="0.825">
  <properties/>
  <testcase name="contextLoads()" classname="com.example.scrapedemo.ScrapeDemoApplicationTests" time="0.825"/>
  <system-out><![CDATA[13:09:31.417 [Test worker] INFO org.springframework.test.context.support.AnnotationConfigContextLoaderUtils -- Could not detect default configuration classes for test class [com.example.scrapedemo.ScrapeDemoApplicationTests]: ScrapeDemoApplicationTests does not declare any static, non-private, non-final, nested classes annotated with @Configuration.
13:09:31.493 [Test worker] INFO org.springframework.boot.test.context.SpringBootTestContextBootstrapper -- Found @SpringBootConfiguration com.example.scrapedemo.ScrapeDemoApplication for test class com.example.scrapedemo.ScrapeDemoApplicationTests

  .   ____          _            __ _ _
 /\\ / ___'_ __ _ _(_)_ __  __ _ \ \ \ \
( ( )\___ | '_ | '_| | '_ \/ _` | \ \ \ \
 \\/  ___)| |_)| | | | | || (_| |  ) ) ) )
  '  |____| .__|_| |_|_| |_\__, | / / / /
 =========|_|==============|___/=/_/_/_/
 :: Spring Boot ::                (v3.1.3)

2023-09-11T13:09:31.815-07:00  INFO 48672 --- [    Test worker] c.e.s.ScrapeDemoApplicationTests         : Starting ScrapeDemoApplicationTests using Java 20.0.1 with PID 48672 (started by York Laptop 024 in C:\Users\York Laptop 024\IdeaProjects\scrape-demo)
2023-09-11T13:09:31.817-07:00  INFO 48672 --- [    Test worker] c.e.s.ScrapeDemoApplicationTests         : No active profile set, falling back to 1 default profile: "default"
2023-09-11T13:09:32.341-07:00  INFO 48672 --- [    Test worker] o.s.cloud.context.scope.GenericScope     : BeanFactory id=5b0a897d-6c96-3897-a377-0ab5d34ecc77
2023-09-11T13:09:32.980-07:00  INFO 48672 --- [    Test worker] c.e.s.ScrapeDemoApplicationTests         : Started ScrapeDemoApplicationTests in 1.38 seconds (process running for 2.516)
***running***"in app"
]]></system-out>
  <system-err><![CDATA[]]></system-err>
</testsuite>
