<?xml version="1.0" encoding="UTF-8"?>
<testsuite name="com.example.scrapedemo.ScrapeDemoApplicationTests" tests="1" skipped="0" failures="0" errors="0" timestamp="2023-09-12T21:11:27" hostname="79GK7S3" time="0.98">
  <properties/>
  <testcase name="contextLoads()" classname="com.example.scrapedemo.ScrapeDemoApplicationTests" time="0.98"/>
  <system-out><![CDATA[14:11:25.273 [Test worker] INFO org.springframework.test.context.support.AnnotationConfigContextLoaderUtils -- Could not detect default configuration classes for test class [com.example.scrapedemo.ScrapeDemoApplicationTests]: ScrapeDemoApplicationTests does not declare any static, non-private, non-final, nested classes annotated with @Configuration.
14:11:25.361 [Test worker] INFO org.springframework.boot.test.context.SpringBootTestContextBootstrapper -- Found @SpringBootConfiguration com.example.scrapedemo.ScrapeDemoApplication for test class com.example.scrapedemo.ScrapeDemoApplicationTests

  .   ____          _            __ _ _
 /\\ / ___'_ __ _ _(_)_ __  __ _ \ \ \ \
( ( )\___ | '_ | '_| | '_ \/ _` | \ \ \ \
 \\/  ___)| |_)| | | | | || (_| |  ) ) ) )
  '  |____| .__|_| |_|_| |_\__, | / / / /
 =========|_|==============|___/=/_/_/_/
 :: Spring Boot ::                (v3.1.3)

2023-09-12T14:11:25.739-07:00  INFO 22584 --- [    Test worker] c.e.s.ScrapeDemoApplicationTests         : Starting ScrapeDemoApplicationTests using Java 20.0.1 with PID 22584 (started by York Laptop 024 in C:\Users\York Laptop 024\IdeaProjects\scrape-demo)
2023-09-12T14:11:25.740-07:00  INFO 22584 --- [    Test worker] c.e.s.ScrapeDemoApplicationTests         : No active profile set, falling back to 1 default profile: "default"
2023-09-12T14:11:26.326-07:00  INFO 22584 --- [    Test worker] o.s.cloud.context.scope.GenericScope     : BeanFactory id=5b0a897d-6c96-3897-a377-0ab5d34ecc77
2023-09-12T14:11:27.030-07:00  INFO 22584 --- [    Test worker] c.e.s.ScrapeDemoApplicationTests         : Started ScrapeDemoApplicationTests in 1.54 seconds (process running for 3.053)
***running***"in app changed"
]]></system-out>
  <system-err><![CDATA[]]></system-err>
</testsuite>
